
Profiling started at Wed Jul  1 11:00:08 2015
Profiling stopped at Wed Jul  1 11:00:09 2015

-- OProfile/operf Statistics --
Nr. non-backtrace samples: 31198
Nr. kernel samples: 2106
Nr. user space samples: 29092
Nr. samples lost due to sample address not in expected range for domain: 0
Nr. lost kernel samples: 0
Nr. samples lost due to sample file open failure: 0
Nr. samples lost due to no permanent mapping: 0
Nr. user context kernel samples lost due to no app info available: 0
Nr. user samples lost due to no app info available: 0
Nr. backtraces skipped due to no file mapping: 0
Nr. hypervisor samples dropped due to address out-of-range: 0
Nr. samples lost reported by perf_events kernel: 0

Profiling started at Wed Jul  1 11:02:24 2015
Profiling stopped at Wed Jul  1 11:02:24 2015

-- OProfile/operf Statistics --
Nr. non-backtrace samples: 4640
Nr. kernel samples: 27
Nr. user space samples: 4613
Nr. samples lost due to sample address not in expected range for domain: 0
Nr. lost kernel samples: 0
Nr. samples lost due to sample file open failure: 0
Nr. samples lost due to no permanent mapping: 0
Nr. user context kernel samples lost due to no app info available: 0
Nr. user samples lost due to no app info available: 0
Nr. backtraces skipped due to no file mapping: 0
Nr. hypervisor samples dropped due to address out-of-range: 0
Nr. samples lost reported by perf_events kernel: 0
